<?xml version="1.0" encoding="UTF-8"?>
<!-- Generated by org.testng.reporters.JUnitReportReporter -->
<testsuite hostname="DESKTOP-5VHFP6V" failures="0" tests="1" name="test.LoginTest" time="3.023" errors="0" timestamp="2024-05-16T22:35:20 EDT" skipped="0">
  <testcase classname="test.LoginTest" name="LoginFuncTest" time="3.023"/>
  <system-out/>
</testsuite> <!-- test.LoginTest -->
